py37-ansible210 installed: ansible==2.10.7,ansible-base==2.10.17,ansible-compat==1.0.0,ansible-lint==5.1.3,arrow==1.2.3,bcrypt==4.0.0,binaryornot==0.4.4,bracex==2.3.post1,cached-property==1.5.2,Cerberus==1.3.2,certifi==2022.6.15,cffi==1.15.1,chardet==5.0.0,charset-normalizer==2.1.1,click==8.1.3,click-help-colors==0.9.1,commonmark==0.9.1,cookiecutter==2.1.1,cryptography==38.0.1,distro==1.7.0,enrich==1.2.7,idna==3.3,importlib-metadata==4.12.0,Jinja2==3.1.2,jinja2-time==0.2.0,jmespath==1.0.1,lxml==4.9.1,MarkupSafe==2.1.1,molecule==3.4.0,molecule-podman==1.0.1,packaging==21.3,paramiko==2.11.0,pathspec==0.10.1,pluggy==0.13.1,pycparser==2.21,Pygments==2.13.0,PyNaCl==1.5.0,pyparsing==3.0.9,python-dateutil==2.8.2,python-slugify==6.1.2,PyYAML==5.4.1,requests==2.28.1,rich==12.5.1,ruamel.yaml==0.17.21,ruamel.yaml.clib==0.2.6,selinux==0.2.1,six==1.16.0,subprocess-tee==0.3.5,tenacity==8.0.1,text-unidecode==1.3,typing_extensions==4.3.0,urllib3==1.26.12,wcmatch==8.4,yamllint==1.26.3,zipp==3.8.1
py37-ansible210 run-test-pre: PYTHONHASHSEED='315679854'
py37-ansible210 run-test: commands[0] | molecule test -s centos7_lite --destroy always
INFO     centos7_lite scenario test matrix: destroy, create, converge, idempotence, verify, destroy
INFO     Performing prerun...
mWARNING  Failed to locate command: [Errno 2] No such file or directory: 'git': 'git'
INFO     Guessed /opt/vector-role as project root directory
mWARNING  Computed fully qualified role name of vector-role does not follow current galaxy requirements.
Please edit meta/main.yml and assure we can correctly determine full role name:

galaxy_info:
role_name: my_name  # if absent directory name hosting role is used instead
namespace: my_galaxy_namespace  # if absent, author is used instead

Namespace: https://galaxy.ansible.com/docs/contributing/namespaces.html#galaxy-namespace-limitations
Role: https://galaxy.ansible.com/docs/contributing/creating_role.html#role-names

As an alternative, you can add 'role-name' to either skip_list or warn_list.

INFO     Using /root/.cache/ansible-lint/b984a4/roles/vector-role symlink to current repository in order to enable Ansible to find the role using its expected full name.
INFO     Added ANSIBLE_ROLES_PATH=~/.ansible/roles:/usr/share/ansible/roles:/etc/ansible/roles:/root/.cache/ansible-lint/b984a4/roles
INFO     Running centos7_lite > destroy
INFO     Sanity checks: 'podman'

PLAY [Destroy] *****************************************************************

TASK [Destroy molecule instance(s)] ********************************************
changed: [localhost] => (item={'image': 'docker.io/pycontribs/centos:7', 'name': 'instance', 'pre_build_image': True})

TASK [Wait for instance(s) deletion to complete] *******************************
changed: [localhost] => (item={'started': 1, 'finished': 0, 'ansible_job_id': '335183825120.2885', 'results_file': '/root/.ansible_async/335183825120.2885', 'changed': True, 'failed': False, 'item': {'image': 'docker.io/pycontribs/centos:7', 'name': 'instance', 'pre_build_image': True}, 'ansible_loop_var': 'item'})

PLAY RECAP *********************************************************************
localhost                  : ok=2    changed=2    unreachable=0    failed=0    skipped=0    rescued=0    ignored=0

INFO     Running centos7_lite > create

PLAY [Create] ******************************************************************

TASK [get podman executable path] **********************************************
ok: [localhost]

TASK [save path to executable as fact] *****************************************
ok: [localhost]

TASK [Log into a container registry] *******************************************
skipping: [localhost] => (item="instance registry username: None specified") 

TASK [Check presence of custom Dockerfiles] ************************************
ok: [localhost] => (item=Dockerfile: None specified)

TASK [Create Dockerfiles from image names] *************************************
skipping: [localhost] => (item="Dockerfile: None specified; Image: docker.io/pycontribs/centos:7") 

TASK [Discover local Podman images] ********************************************
ok: [localhost] => (item=instance)

TASK [Build an Ansible compatible image] ***************************************
skipping: [localhost] => (item=docker.io/pycontribs/centos:7) 

TASK [Determine the CMD directives] ********************************************
ok: [localhost] => (item="instance command: None specified")

TASK [Remove possible pre-existing containers] *********************************
changed: [localhost]

TASK [Discover local podman networks] ******************************************
skipping: [localhost] => (item=instance: None specified) 

TASK [Create podman network dedicated to this scenario] ************************
skipping: [localhost]

TASK [Create molecule instance(s)] *********************************************
changed: [localhost] => (item=instance)

TASK [Wait for instance(s) creation to complete] *******************************
mfailed: [localhost] (item=instance) => {"ansible_job_id": "465403383939.3046", "ansible_loop_var": "item", "attempts": 1, "changed": true, "cmd": ["/usr/bin/podman", "run", "-d", "--name", "instance", "--hostname=instance", "docker.io/pycontribs/centos:7", "bash", "-c", "while true; do sleep 10000; done"], "delta": "0:00:00.187617", "end": "2022-09-08 21:55:57.809941", "finished": 1, "item": {"ansible_job_id": "465403383939.3046", "ansible_loop_var": "item", "changed": true, "failed": false, "finished": 0, "item": {"image": "docker.io/pycontribs/centos:7", "name": "instance", "pre_build_image": true}, "results_file": "/root/.ansible_async/465403383939.3046", "started": 1}, "msg": "non-zero return code", "rc": 125, "start": "2022-09-08 21:55:57.622324", "stderr": "Error: invalid config provided: cannot set hostname when running in the host UTS namespace: invalid configuration", "stderr_lines": ["Error: invalid config provided: cannot set hostname when running in the host UTS namespace: invalid configuration"], "stdout": "", "stdout_lines": []}

PLAY RECAP *********************************************************************
mlocalhost                  : ok=7    changed=2    unreachable=0    mfailed=1    skipped=5    rescued=0    ignored=0

CRITICAL Ansible return code was 2, command was: 'ansible-playbook', '--inventory', '/root/.cache/molecule/vector-role/centos7_lite/inventory', '--skip-tags', 'molecule-notest,notest', '/opt/vector-role/.tox/py37-ansible210/lib/python3.7/site-packages/molecule_podman/playbooks/create.yml'[1m]
mWARNING  An error occurred during the test sequence action: 'create'. Cleaning up.
INFO     Running centos7_lite > cleanup
mWARNING  Skipping, cleanup playbook not configured.
INFO     Running centos7_lite > destroy

PLAY [Destroy] *****************************************************************

TASK [Destroy molecule instance(s)] ********************************************
changed: [localhost] => (item={'image': 'docker.io/pycontribs/centos:7', 'name': 'instance', 'pre_build_image': True})

TASK [Wait for instance(s) deletion to complete] *******************************
FAILED - RETRYING: Wait for instance(s) deletion to complete (300 retries left).
changed: [localhost] => (item={'started': 1, 'finished': 0, 'ansible_job_id': '981220690389.3102', 'results_file': '/root/.ansible_async/981220690389.3102', 'changed': True, 'failed': False, 'item': {'image': 'docker.io/pycontribs/centos:7', 'name': 'instance', 'pre_build_image': True}, 'ansible_loop_var': 'item'})

PLAY RECAP *********************************************************************
localhost                  : ok=2    changed=2    unreachable=0    failed=0    skipped=0    rescued=0    ignored=0

INFO     Pruning extra files from scenario ephemeral directory
ERROR: InvocationError for command /opt/vector-role/.tox/py37-ansible210/bin/molecule test -s centos7_lite --destroy always (exited with code 1)
py37-ansible30 installed: ansible==3.0.0,ansible-base==2.10.17,ansible-compat==1.0.0,ansible-lint==5.1.3,arrow==1.2.3,bcrypt==4.0.0,binaryornot==0.4.4,bracex==2.3.post1,cached-property==1.5.2,Cerberus==1.3.2,certifi==2022.6.15,cffi==1.15.1,chardet==5.0.0,charset-normalizer==2.1.1,click==8.1.3,click-help-colors==0.9.1,commonmark==0.9.1,cookiecutter==2.1.1,cryptography==38.0.1,distro==1.7.0,enrich==1.2.7,idna==3.3,importlib-metadata==4.12.0,Jinja2==3.1.2,jinja2-time==0.2.0,jmespath==1.0.1,lxml==4.9.1,MarkupSafe==2.1.1,molecule==3.4.0,molecule-podman==1.0.1,packaging==21.3,paramiko==2.11.0,pathspec==0.10.1,pluggy==0.13.1,pycparser==2.21,Pygments==2.13.0,PyNaCl==1.5.0,pyparsing==3.0.9,python-dateutil==2.8.2,python-slugify==6.1.2,PyYAML==5.4.1,requests==2.28.1,rich==12.5.1,ruamel.yaml==0.17.21,ruamel.yaml.clib==0.2.6,selinux==0.2.1,six==1.16.0,subprocess-tee==0.3.5,tenacity==8.0.1,text-unidecode==1.3,typing_extensions==4.3.0,urllib3==1.26.12,wcmatch==8.4,yamllint==1.26.3,zipp==3.8.1
py37-ansible30 run-test-pre: PYTHONHASHSEED='315679854'
py37-ansible30 run-test: commands[0] | molecule test -s centos7_lite --destroy always
INFO     centos7_lite scenario test matrix: destroy, create, converge, idempotence, verify, destroy
INFO     Performing prerun...
mWARNING  Failed to locate command: [Errno 2] No such file or directory: 'git': 'git'
INFO     Guessed /opt/vector-role as project root directory
mWARNING  Computed fully qualified role name of vector-role does not follow current galaxy requirements.
Please edit meta/main.yml and assure we can correctly determine full role name:

galaxy_info:
role_name: my_name  # if absent directory name hosting role is used instead
namespace: my_galaxy_namespace  # if absent, author is used instead

Namespace: https://galaxy.ansible.com/docs/contributing/namespaces.html#galaxy-namespace-limitations
Role: https://galaxy.ansible.com/docs/contributing/creating_role.html#role-names

As an alternative, you can add 'role-name' to either skip_list or warn_list.

INFO     Using /root/.cache/ansible-lint/b984a4/roles/vector-role symlink to current repository in order to enable Ansible to find the role using its expected full name.
INFO     Added ANSIBLE_ROLES_PATH=~/.ansible/roles:/usr/share/ansible/roles:/etc/ansible/roles:/root/.cache/ansible-lint/b984a4/roles
INFO     Running centos7_lite > destroy
INFO     Sanity checks: 'podman'

PLAY [Destroy] *****************************************************************

TASK [Destroy molecule instance(s)] ********************************************
changed: [localhost] => (item={'image': 'docker.io/pycontribs/centos:7', 'name': 'instance', 'pre_build_image': True})

TASK [Wait for instance(s) deletion to complete] *******************************
FAILED - RETRYING: Wait for instance(s) deletion to complete (300 retries left).
changed: [localhost] => (item={'started': 1, 'finished': 0, 'ansible_job_id': '264023346795.3196', 'results_file': '/root/.ansible_async/264023346795.3196', 'changed': True, 'failed': False, 'item': {'image': 'docker.io/pycontribs/centos:7', 'name': 'instance', 'pre_build_image': True}, 'ansible_loop_var': 'item'})

PLAY RECAP *********************************************************************
localhost                  : ok=2    changed=2    unreachable=0    failed=0    skipped=0    rescued=0    ignored=0

INFO     Running centos7_lite > create

PLAY [Create] ******************************************************************

TASK [get podman executable path] **********************************************
ok: [localhost]

TASK [save path to executable as fact] *****************************************
ok: [localhost]

TASK [Log into a container registry] *******************************************
skipping: [localhost] => (item="instance registry username: None specified") 

TASK [Check presence of custom Dockerfiles] ************************************
ok: [localhost] => (item=Dockerfile: None specified)

TASK [Create Dockerfiles from image names] *************************************
skipping: [localhost] => (item="Dockerfile: None specified; Image: docker.io/pycontribs/centos:7") 

TASK [Discover local Podman images] ********************************************
ok: [localhost] => (item=instance)

TASK [Build an Ansible compatible image] ***************************************
skipping: [localhost] => (item=docker.io/pycontribs/centos:7) 

TASK [Determine the CMD directives] ********************************************
ok: [localhost] => (item="instance command: None specified")

TASK [Remove possible pre-existing containers] *********************************
changed: [localhost]

TASK [Discover local podman networks] ******************************************
skipping: [localhost] => (item=instance: None specified) 

TASK [Create podman network dedicated to this scenario] ************************
skipping: [localhost]

TASK [Create molecule instance(s)] *********************************************
changed: [localhost] => (item=instance)

TASK [Wait for instance(s) creation to complete] *******************************
mfailed: [localhost] (item=instance) => {"ansible_job_id": "736090781350.3372", "ansible_loop_var": "item", "attempts": 1, "changed": true, "cmd": ["/usr/bin/podman", "run", "-d", "--name", "instance", "--hostname=instance", "docker.io/pycontribs/centos:7", "bash", "-c", "while true; do sleep 10000; done"], "delta": "0:00:00.127428", "end": "2022-09-08 21:57:52.473725", "finished": 1, "item": {"ansible_job_id": "736090781350.3372", "ansible_loop_var": "item", "changed": true, "failed": false, "finished": 0, "item": {"image": "docker.io/pycontribs/centos:7", "name": "instance", "pre_build_image": true}, "results_file": "/root/.ansible_async/736090781350.3372", "started": 1}, "msg": "non-zero return code", "rc": 125, "start": "2022-09-08 21:57:52.346297", "stderr": "Error: invalid config provided: cannot set hostname when running in the host UTS namespace: invalid configuration", "stderr_lines": ["Error: invalid config provided: cannot set hostname when running in the host UTS namespace: invalid configuration"], "stdout": "", "stdout_lines": []}

PLAY RECAP *********************************************************************
mlocalhost                  : ok=7    changed=2    unreachable=0    mfailed=1    skipped=5    rescued=0    ignored=0

CRITICAL Ansible return code was 2, command was: 'ansible-playbook', '--inventory', '/root/.cache/molecule/vector-role/centos7_lite/inventory', '--skip-tags', 'molecule-notest,notest', '/opt/vector-role/.tox/py37-ansible30/lib/python3.7/site-packages/molecule_podman/playbooks/create.yml'[1m]
mWARNING  An error occurred during the test sequence action: 'create'. Cleaning up.
INFO     Running centos7_lite > cleanup
mWARNING  Skipping, cleanup playbook not configured.
INFO     Running centos7_lite > destroy

PLAY [Destroy] *****************************************************************

TASK [Destroy molecule instance(s)] ********************************************
changed: [localhost] => (item={'image': 'docker.io/pycontribs/centos:7', 'name': 'instance', 'pre_build_image': True})

TASK [Wait for instance(s) deletion to complete] *******************************
changed: [localhost] => (item={'started': 1, 'finished': 0, 'ansible_job_id': '562963729604.3428', 'results_file': '/root/.ansible_async/562963729604.3428', 'changed': True, 'failed': False, 'item': {'image': 'docker.io/pycontribs/centos:7', 'name': 'instance', 'pre_build_image': True}, 'ansible_loop_var': 'item'})

PLAY RECAP *********************************************************************
localhost                  : ok=2    changed=2    unreachable=0    failed=0    skipped=0    rescued=0    ignored=0

INFO     Pruning extra files from scenario ephemeral directory
ERROR: InvocationError for command /opt/vector-role/.tox/py37-ansible30/bin/molecule test -s centos7_lite --destroy always (exited with code 1)
py39-ansible210 installed: ansible==2.10.7,ansible-base==2.10.17,ansible-compat==2.2.0,ansible-lint==5.1.3,arrow==1.2.3,attrs==22.1.0,bcrypt==4.0.0,binaryornot==0.4.4,bracex==2.3.post1,Cerberus==1.3.2,certifi==2022.6.15,cffi==1.15.1,chardet==5.0.0,charset-normalizer==2.1.1,click==8.1.3,click-help-colors==0.9.1,commonmark==0.9.1,cookiecutter==2.1.1,cryptography==38.0.1,distro==1.7.0,enrich==1.2.7,idna==3.3,Jinja2==3.1.2,jinja2-time==0.2.0,jmespath==1.0.1,jsonschema==4.15.0,lxml==4.9.1,MarkupSafe==2.1.1,molecule==3.4.0,molecule-podman==1.0.1,packaging==21.3,paramiko==2.11.0,pathspec==0.10.1,pluggy==0.13.1,pycparser==2.21,Pygments==2.13.0,PyNaCl==1.5.0,pyparsing==3.0.9,pyrsistent==0.18.1,python-dateutil==2.8.2,python-slugify==6.1.2,PyYAML==5.4.1,requests==2.28.1,rich==12.5.1,ruamel.yaml==0.17.21,ruamel.yaml.clib==0.2.6,selinux==0.2.1,six==1.16.0,subprocess-tee==0.3.5,tenacity==8.0.1,text-unidecode==1.3,urllib3==1.26.12,wcmatch==8.4,yamllint==1.26.3
py39-ansible210 run-test-pre: PYTHONHASHSEED='315679854'
py39-ansible210 run-test: commands[0] | molecule test -s centos7_lite --destroy always
INFO     centos7_lite scenario test matrix: destroy, create, converge, idempotence, verify, destroy
INFO     Performing prerun...
mWARNING  Failed to locate command: [Errno 2] No such file or directory: 'git'
INFO     Guessed /opt/vector-role as project root directory
mWARNING  Computed fully qualified role name of vector-role does not follow current galaxy requirements.
Please edit meta/main.yml and assure we can correctly determine full role name:

galaxy_info:
role_name: my_name  # if absent directory name hosting role is used instead
namespace: my_galaxy_namespace  # if absent, author is used instead

Namespace: https://galaxy.ansible.com/docs/contributing/namespaces.html#galaxy-namespace-limitations
Role: https://galaxy.ansible.com/docs/contributing/creating_role.html#role-names

As an alternative, you can add 'role-name' to either skip_list or warn_list.

INFO     Using /root/.cache/ansible-lint/b984a4/roles/vector-role symlink to current repository in order to enable Ansible to find the role using its expected full name.
INFO     Added ANSIBLE_ROLES_PATH=~/.ansible/roles:/usr/share/ansible/roles:/etc/ansible/roles:/root/.cache/ansible-lint/b984a4/roles
INFO     Running centos7_lite > destroy
INFO     Sanity checks: 'podman'

PLAY [Destroy] *****************************************************************

TASK [Destroy molecule instance(s)] ********************************************
changed: [localhost] => (item={'image': 'docker.io/pycontribs/centos:7', 'name': 'instance', 'pre_build_image': True})

TASK [Wait for instance(s) deletion to complete] *******************************
changed: [localhost] => (item={'started': 1, 'finished': 0, 'ansible_job_id': '824364962446.3491', 'results_file': '/root/.ansible_async/824364962446.3491', 'changed': True, 'failed': False, 'item': {'image': 'docker.io/pycontribs/centos:7', 'name': 'instance', 'pre_build_image': True}, 'ansible_loop_var': 'item'})

PLAY RECAP *********************************************************************
localhost                  : ok=2    changed=2    unreachable=0    failed=0    skipped=0    rescued=0    ignored=0

INFO     Running centos7_lite > create

PLAY [Create] ******************************************************************

TASK [get podman executable path] **********************************************
ok: [localhost]

TASK [save path to executable as fact] *****************************************
ok: [localhost]

TASK [Log into a container registry] *******************************************
skipping: [localhost] => (item="instance registry username: None specified") 

TASK [Check presence of custom Dockerfiles] ************************************
ok: [localhost] => (item=Dockerfile: None specified)

TASK [Create Dockerfiles from image names] *************************************
skipping: [localhost] => (item="Dockerfile: None specified; Image: docker.io/pycontribs/centos:7") 

TASK [Discover local Podman images] ********************************************
ok: [localhost] => (item=instance)

TASK [Build an Ansible compatible image] ***************************************
skipping: [localhost] => (item=docker.io/pycontribs/centos:7) 

TASK [Determine the CMD directives] ********************************************
ok: [localhost] => (item="instance command: None specified")

TASK [Remove possible pre-existing containers] *********************************
changed: [localhost]

TASK [Discover local podman networks] ******************************************
skipping: [localhost] => (item=instance: None specified) 

TASK [Create podman network dedicated to this scenario] ************************
skipping: [localhost]

TASK [Create molecule instance(s)] *********************************************
changed: [localhost] => (item=instance)

TASK [Wait for instance(s) creation to complete] *******************************
mfailed: [localhost] (item=instance) => {"ansible_job_id": "607353653582.3635", "ansible_loop_var": "item", "attempts": 1, "changed": true, "cmd": ["/usr/bin/podman", "run", "-d", "--name", "instance", "--hostname=instance", "docker.io/pycontribs/centos:7", "bash", "-c", "while true; do sleep 10000; done"], "delta": "0:00:00.087641", "end": "2022-09-08 21:58:00.465347", "finished": 1, "item": {"ansible_job_id": "607353653582.3635", "ansible_loop_var": "item", "changed": true, "failed": false, "finished": 0, "item": {"image": "docker.io/pycontribs/centos:7", "name": "instance", "pre_build_image": true}, "results_file": "/root/.ansible_async/607353653582.3635", "started": 1}, "msg": "non-zero return code", "rc": 125, "start": "2022-09-08 21:58:00.377706", "stderr": "Error: invalid config provided: cannot set hostname when running in the host UTS namespace: invalid configuration", "stderr_lines": ["Error: invalid config provided: cannot set hostname when running in the host UTS namespace: invalid configuration"], "stdout": "", "stdout_lines": []}

PLAY RECAP *********************************************************************
mlocalhost                  : ok=7    changed=2    unreachable=0    mfailed=1    skipped=5    rescued=0    ignored=0

CRITICAL Ansible return code was 2, command was: 'ansible-playbook', '--inventory', '/root/.cache/molecule/vector-role/centos7_lite/inventory', '--skip-tags', 'molecule-notest,notest', '/opt/vector-role/.tox/py39-ansible210/lib/python3.9/site-packages/molecule_podman/playbooks/create.yml'[1m]
mWARNING  An error occurred during the test sequence action: 'create'. Cleaning up.
INFO     Running centos7_lite > cleanup
mWARNING  Skipping, cleanup playbook not configured.
INFO     Running centos7_lite > destroy

PLAY [Destroy] *****************************************************************

TASK [Destroy molecule instance(s)] ********************************************
changed: [localhost] => (item={'image': 'docker.io/pycontribs/centos:7', 'name': 'instance', 'pre_build_image': True})

TASK [Wait for instance(s) deletion to complete] *******************************
changed: [localhost] => (item={'started': 1, 'finished': 0, 'ansible_job_id': '645123342321.3683', 'results_file': '/root/.ansible_async/645123342321.3683', 'changed': True, 'failed': False, 'item': {'image': 'docker.io/pycontribs/centos:7', 'name': 'instance', 'pre_build_image': True}, 'ansible_loop_var': 'item'})

PLAY RECAP *********************************************************************
localhost                  : ok=2    changed=2    unreachable=0    failed=0    skipped=0    rescued=0    ignored=0

INFO     Pruning extra files from scenario ephemeral directory
ERROR: InvocationError for command /opt/vector-role/.tox/py39-ansible210/bin/molecule test -s centos7_lite --destroy always (exited with code 1)
py39-ansible30 installed: ansible==3.0.0,ansible-base==2.10.17,ansible-compat==2.2.0,ansible-lint==5.1.3,arrow==1.2.3,attrs==22.1.0,bcrypt==4.0.0,binaryornot==0.4.4,bracex==2.3.post1,Cerberus==1.3.2,certifi==2022.6.15,cffi==1.15.1,chardet==5.0.0,charset-normalizer==2.1.1,click==8.1.3,click-help-colors==0.9.1,commonmark==0.9.1,cookiecutter==2.1.1,cryptography==38.0.1,distro==1.7.0,enrich==1.2.7,idna==3.3,Jinja2==3.1.2,jinja2-time==0.2.0,jmespath==1.0.1,jsonschema==4.15.0,lxml==4.9.1,MarkupSafe==2.1.1,molecule==3.4.0,molecule-podman==1.0.1,packaging==21.3,paramiko==2.11.0,pathspec==0.10.1,pluggy==0.13.1,pycparser==2.21,Pygments==2.13.0,PyNaCl==1.5.0,pyparsing==3.0.9,pyrsistent==0.18.1,python-dateutil==2.8.2,python-slugify==6.1.2,PyYAML==5.4.1,requests==2.28.1,rich==12.5.1,ruamel.yaml==0.17.21,ruamel.yaml.clib==0.2.6,selinux==0.2.1,six==1.16.0,subprocess-tee==0.3.5,tenacity==8.0.1,text-unidecode==1.3,urllib3==1.26.12,wcmatch==8.4,yamllint==1.26.3
py39-ansible30 run-test-pre: PYTHONHASHSEED='315679854'
py39-ansible30 run-test: commands[0] | molecule test -s centos7_lite --destroy always
INFO     centos7_lite scenario test matrix: destroy, create, converge, idempotence, verify, destroy
INFO     Performing prerun...
mWARNING  Failed to locate command: [Errno 2] No such file or directory: 'git'
INFO     Guessed /opt/vector-role as project root directory
mWARNING  Computed fully qualified role name of vector-role does not follow current galaxy requirements.
Please edit meta/main.yml and assure we can correctly determine full role name:

galaxy_info:
role_name: my_name  # if absent directory name hosting role is used instead
namespace: my_galaxy_namespace  # if absent, author is used instead

Namespace: https://galaxy.ansible.com/docs/contributing/namespaces.html#galaxy-namespace-limitations
Role: https://galaxy.ansible.com/docs/contributing/creating_role.html#role-names

As an alternative, you can add 'role-name' to either skip_list or warn_list.

INFO     Using /root/.cache/ansible-lint/b984a4/roles/vector-role symlink to current repository in order to enable Ansible to find the role using its expected full name.
INFO     Added ANSIBLE_ROLES_PATH=~/.ansible/roles:/usr/share/ansible/roles:/etc/ansible/roles:/root/.cache/ansible-lint/b984a4/roles
INFO     Running centos7_lite > destroy
INFO     Sanity checks: 'podman'

PLAY [Destroy] *****************************************************************

TASK [Destroy molecule instance(s)] ********************************************
changed: [localhost] => (item={'image': 'docker.io/pycontribs/centos:7', 'name': 'instance', 'pre_build_image': True})

TASK [Wait for instance(s) deletion to complete] *******************************
changed: [localhost] => (item={'started': 1, 'finished': 0, 'ansible_job_id': '345992687528.3739', 'results_file': '/root/.ansible_async/345992687528.3739', 'changed': True, 'failed': False, 'item': {'image': 'docker.io/pycontribs/centos:7', 'name': 'instance', 'pre_build_image': True}, 'ansible_loop_var': 'item'})

PLAY RECAP *********************************************************************
localhost                  : ok=2    changed=2    unreachable=0    failed=0    skipped=0    rescued=0    ignored=0

INFO     Running centos7_lite > create

PLAY [Create] ******************************************************************

TASK [get podman executable path] **********************************************
ok: [localhost]

TASK [save path to executable as fact] *****************************************
ok: [localhost]

TASK [Log into a container registry] *******************************************
skipping: [localhost] => (item="instance registry username: None specified") 

TASK [Check presence of custom Dockerfiles] ************************************
ok: [localhost] => (item=Dockerfile: None specified)

TASK [Create Dockerfiles from image names] *************************************
skipping: [localhost] => (item="Dockerfile: None specified; Image: docker.io/pycontribs/centos:7") 

TASK [Discover local Podman images] ********************************************
ok: [localhost] => (item=instance)

TASK [Build an Ansible compatible image] ***************************************
skipping: [localhost] => (item=docker.io/pycontribs/centos:7) 

TASK [Determine the CMD directives] ********************************************
ok: [localhost] => (item="instance command: None specified")

TASK [Remove possible pre-existing containers] *********************************
changed: [localhost]

TASK [Discover local podman networks] ******************************************
skipping: [localhost] => (item=instance: None specified) 

TASK [Create podman network dedicated to this scenario] ************************
skipping: [localhost]

TASK [Create molecule instance(s)] *********************************************
changed: [localhost] => (item=instance)

TASK [Wait for instance(s) creation to complete] *******************************
mfailed: [localhost] (item=instance) => {"ansible_job_id": "451288567827.3883", "ansible_loop_var": "item", "attempts": 1, "changed": true, "cmd": ["/usr/bin/podman", "run", "-d", "--name", "instance", "--hostname=instance", "docker.io/pycontribs/centos:7", "bash", "-c", "while true; do sleep 10000; done"], "delta": "0:00:00.088868", "end": "2022-09-08 21:58:32.847953", "finished": 1, "item": {"ansible_job_id": "451288567827.3883", "ansible_loop_var": "item", "changed": true, "failed": false, "finished": 0, "item": {"image": "docker.io/pycontribs/centos:7", "name": "instance", "pre_build_image": true}, "results_file": "/root/.ansible_async/451288567827.3883", "started": 1}, "msg": "non-zero return code", "rc": 125, "start": "2022-09-08 21:58:32.759085", "stderr": "Error: invalid config provided: cannot set hostname when running in the host UTS namespace: invalid configuration", "stderr_lines": ["Error: invalid config provided: cannot set hostname when running in the host UTS namespace: invalid configuration"], "stdout": "", "stdout_lines": []}

PLAY RECAP *********************************************************************
mlocalhost                  : ok=7    changed=2    unreachable=0    mfailed=1    skipped=5    rescued=0    ignored=0

CRITICAL Ansible return code was 2, command was: 'ansible-playbook', '--inventory', '/root/.cache/molecule/vector-role/centos7_lite/inventory', '--skip-tags', 'molecule-notest,notest', '/opt/vector-role/.tox/py39-ansible30/lib/python3.9/site-packages/molecule_podman/playbooks/create.yml'[1m]
mWARNING  An error occurred during the test sequence action: 'create'. Cleaning up.
INFO     Running centos7_lite > cleanup
mWARNING  Skipping, cleanup playbook not configured.
INFO     Running centos7_lite > destroy

PLAY [Destroy] *****************************************************************

TASK [Destroy molecule instance(s)] ********************************************
changed: [localhost] => (item={'image': 'docker.io/pycontribs/centos:7', 'name': 'instance', 'pre_build_image': True})

TASK [Wait for instance(s) deletion to complete] *******************************
FAILED - RETRYING: Wait for instance(s) deletion to complete (300 retries left).
changed: [localhost] => (item={'started': 1, 'finished': 0, 'ansible_job_id': '575216886386.3932', 'results_file': '/root/.ansible_async/575216886386.3932', 'changed': True, 'failed': False, 'item': {'image': 'docker.io/pycontribs/centos:7', 'name': 'instance', 'pre_build_image': True}, 'ansible_loop_var': 'item'})

PLAY RECAP *********************************************************************
localhost                  : ok=2    changed=2    unreachable=0    failed=0    skipped=0    rescued=0    ignored=0

INFO     Pruning extra files from scenario ephemeral directory
ERROR: InvocationError for command /opt/vector-role/.tox/py39-ansible30/bin/molecule test -s centos7_lite --destroy always (exited with code 1)
___________________________________ summary ____________________________________
ERROR:   py37-ansible210: commands failed
ERROR:   py37-ansible30: commands failed
ERROR:   py39-ansible210: commands failed
ERROR:   py39-ansible30: commands failed
